d:\visualstudiomysql\visualstudiomysql\debug\vc142.pdb
d:\visualstudiomysql\visualstudiomysql\debug\.netframework,version=v4.0.assemblyattributes.obj
d:\visualstudiomysql\visualstudiomysql\debug\main.obj
d:\visualstudiomysql\visualstudiomysql\debug\janelaprincipal.obj
d:\visualstudiomysql\visualstudiomysql\debug\visualstudiomysql.janelaprincipal.resources
d:\visualstudiomysql\visualstudiomysql\debug\visualstudiomysql.vcxproj.generateresource.cache
d:\visualstudiomysql\visualstudiomysql\debug\visualstudiomysql.vcxprojassemblyreference.cache
d:\visualstudiomysql\debug\visualstudiomysql.pdb
d:\visualstudiomysql\visualstudiomysql\debug\visualst.a475507e.tlog\cl.command.1.tlog
d:\visualstudiomysql\visualstudiomysql\debug\visualst.a475507e.tlog\cl.read.1.tlog
d:\visualstudiomysql\visualstudiomysql\debug\visualst.a475507e.tlog\cl.write.1.tlog
d:\visualstudiomysql\visualstudiomysql\debug\visualst.a475507e.tlog\link.5272.18896-cvtres.read.1.tlog
d:\visualstudiomysql\visualstudiomysql\debug\visualst.a475507e.tlog\link.5272.18896-cvtres.write.1.tlog
d:\visualstudiomysql\visualstudiomysql\debug\visualst.a475507e.tlog\link.5272.18896-rc.read.1.tlog
d:\visualstudiomysql\visualstudiomysql\debug\visualst.a475507e.tlog\link.5272.18896-rc.write.1.tlog
d:\visualstudiomysql\visualstudiomysql\debug\visualst.a475507e.tlog\link.5272.18896.read.1.tlog
d:\visualstudiomysql\visualstudiomysql\debug\visualst.a475507e.tlog\link.5272.18896.write.1.tlog
d:\visualstudiomysql\visualstudiomysql\debug\visualst.a475507e.tlog\link.5272.read.1.tlog
d:\visualstudiomysql\visualstudiomysql\debug\visualst.a475507e.tlog\link.5272.write.1.tlog
d:\visualstudiomysql\visualstudiomysql\debug\visualst.a475507e.tlog\link.924.1440-cvtres.read.1.tlog
d:\visualstudiomysql\visualstudiomysql\debug\visualst.a475507e.tlog\link.924.1440-cvtres.write.1.tlog
d:\visualstudiomysql\visualstudiomysql\debug\visualst.a475507e.tlog\link.924.1440-rc.read.1.tlog
d:\visualstudiomysql\visualstudiomysql\debug\visualst.a475507e.tlog\link.924.1440-rc.write.1.tlog
d:\visualstudiomysql\visualstudiomysql\debug\visualst.a475507e.tlog\link.924.1440.read.1.tlog
d:\visualstudiomysql\visualstudiomysql\debug\visualst.a475507e.tlog\link.924.1440.write.1.tlog
d:\visualstudiomysql\visualstudiomysql\debug\visualst.a475507e.tlog\link.924.read.1.tlog
d:\visualstudiomysql\visualstudiomysql\debug\visualst.a475507e.tlog\link.924.write.1.tlog
d:\visualstudiomysql\visualstudiomysql\debug\visualst.a475507e.tlog\link.command.1.tlog
d:\visualstudiomysql\visualstudiomysql\debug\visualst.a475507e.tlog\link.read.1.tlog
d:\visualstudiomysql\visualstudiomysql\debug\visualst.a475507e.tlog\link.write.1.tlog
d:\visualstudiomysql\visualstudiomysql\debug\visualst.a475507e.tlog\metagen.read.1.tlog
d:\visualstudiomysql\visualstudiomysql\debug\visualst.a475507e.tlog\metagen.write.1.tlog
d:\visualstudiomysql\visualstudiomysql\debug\visualst.a475507e.tlog\visualstudiomysql.write.1u.tlog
